2021-10-14 10:31:17,670 INFO o.s.b.StartupInfoLogger [main] Starting ChatApplicationSpringBootApplication using Java 1.8.0_73 on LTI-TRAINING-05 with PID 15792 (F:\Development\ChatApplicationSpringBoot\target\classes started by kamranabbasi in F:\Development\ChatApplicationSpringBoot)
2021-10-14 10:31:17,686 INFO o.s.b.SpringApplication [main] No active profile set, falling back to default profiles: default
2021-10-14 10:31:19,630 INFO o.s.d.r.c.RepositoryConfigurationDelegate [main] Bootstrapping Spring Data JPA repositories in DEFAULT mode.
2021-10-14 10:31:19,755 INFO o.s.d.r.c.RepositoryConfigurationDelegate [main] Finished Spring Data repository scanning in 106 ms. Found 5 JPA repository interfaces.
2021-10-14 10:31:20,598 INFO o.s.b.w.e.t.TomcatWebServer [main] Tomcat initialized with port(s): 8080 (http)
2021-10-14 10:31:20,598 INFO o.a.j.l.DirectJDKLog [main] Initializing ProtocolHandler ["http-nio-8080"]
2021-10-14 10:31:20,598 INFO o.a.j.l.DirectJDKLog [main] Starting service [Tomcat]
2021-10-14 10:31:20,598 INFO o.a.j.l.DirectJDKLog [main] Starting Servlet engine: [Apache Tomcat/9.0.53]
2021-10-14 10:31:20,864 INFO o.a.j.l.DirectJDKLog [main] Initializing Spring embedded WebApplicationContext
2021-10-14 10:31:20,864 INFO o.s.b.w.s.c.ServletWebServerApplicationContext [main] Root WebApplicationContext: initialization completed in 2996 ms
2021-10-14 10:31:21,169 INFO o.h.j.i.u.LogHelper [main] HHH000204: Processing PersistenceUnitInfo [name: default]
2021-10-14 10:31:21,544 INFO o.h.Version [main] HHH000412: Hibernate ORM core version 5.4.32.Final
2021-10-14 10:31:21,887 INFO o.h.a.c.r.j.JavaReflectionManager [main] HCANN000001: Hibernate Commons Annotations {5.1.2.Final}
2021-10-14 10:31:22,075 INFO c.z.h.HikariDataSource [main] HikariPool-1 - Starting...
2021-10-14 10:31:22,559 INFO c.z.h.HikariDataSource [main] HikariPool-1 - Start completed.
2021-10-14 10:31:22,622 INFO o.h.d.Dialect [main] HHH000400: Using dialect: org.hibernate.dialect.MySQL8Dialect
2021-10-14 10:31:24,563 INFO o.h.e.t.j.p.i.JtaPlatformInitiator [main] HHH000490: Using JtaPlatform implementation: [org.hibernate.engine.transaction.jta.platform.internal.NoJtaPlatform]
2021-10-14 10:31:24,594 INFO o.s.o.j.AbstractEntityManagerFactoryBean [main] Initialized JPA EntityManagerFactory for persistence unit 'default'
2021-10-14 10:31:25,797 WARN o.s.b.a.o.j.JpaBaseConfiguration$JpaWebConfiguration [main] spring.jpa.open-in-view is enabled by default. Therefore, database queries may be performed during view rendering. Explicitly configure spring.jpa.open-in-view to disable this warning
2021-10-14 10:31:26,504 WARN o.s.b.a.t.ThymeleafAutoConfiguration$DefaultTemplateResolverConfiguration [main] Cannot find template location: classpath:/templates/ (please add some templates or check your Thymeleaf configuration)
2021-10-14 10:31:26,644 INFO o.a.j.l.DirectJDKLog [main] Starting ProtocolHandler ["http-nio-8080"]
2021-10-14 10:31:26,660 INFO o.s.b.w.e.t.TomcatWebServer [main] Tomcat started on port(s): 8080 (http) with context path ''
2021-10-14 10:31:26,660 INFO s.d.s.w.p.DocumentationPluginsBootstrapper [main] Context refreshed
2021-10-14 10:31:26,723 INFO s.d.s.w.p.DocumentationPluginsBootstrapper [main] Found 1 custom documentation plugin(s)
2021-10-14 10:31:26,738 INFO s.d.s.w.s.ApiListingReferenceScanner [main] Scanning for api listing references
2021-10-14 10:31:27,066 INFO s.d.s.w.r.o.CachingOperationNameGenerator [main] Generating unique operation named: deleteUsingDELETE_1
2021-10-14 10:31:27,160 INFO s.d.s.w.r.o.CachingOperationNameGenerator [main] Generating unique operation named: DeleteUserUsingDELETE_1
2021-10-14 10:31:27,285 INFO o.s.b.StartupInfoLogger [main] Started ChatApplicationSpringBootApplication in 10.202 seconds (JVM running for 15.764)
2021-10-14 10:33:17,560 INFO o.a.j.l.DirectJDKLog [http-nio-8080-exec-1] Initializing Spring DispatcherServlet 'dispatcherServlet'
2021-10-14 10:33:17,560 INFO o.s.w.s.FrameworkServlet [http-nio-8080-exec-1] Initializing Servlet 'dispatcherServlet'
2021-10-14 10:33:17,563 INFO o.s.w.s.FrameworkServlet [http-nio-8080-exec-1] Completed initialization in 2 ms
2021-10-14 10:33:17,681 INFO c.c.c.UserController [http-nio-8080-exec-1] Authorizing the user 
2021-10-14 10:33:18,001 DEBUG o.h.e.j.s.SqlStatementLogger [http-nio-8080-exec-1] select user0_.id as id1_5_, user0_.age as age2_5_, user0_.create_date as create_d3_5_, user0_.email as email4_5_, user0_.first_name as first_na5_5_, user0_.last_name as last_nam6_5_, user0_.password as password7_5_, user0_.phone_no as phone_no8_5_, user0_.status as status9_5_, user0_.update_date as update_10_5_ from t_user user0_ where user0_.id=?
